1506293860.500699 client started (41293): version 2.5, socket /private/tmp/tmux-502/default, protocol 8
1506293860.500751 on Darwin 15.6.0 Darwin Kernel Version 15.6.0: Sun Jun  4 21:43:07 PDT 2017; root:xnu-3248.70.3~1/RELEASE_X86_64; libevent 2.1.8-stable (select)
1506293860.500801 socket is /private/tmp/tmux-502/default
1506293860.500823 trying connect
1506293860.500945 add peer 0x7f89f401d600: 6 (0x0)
1506293860.502569 sending message 100 to peer 0x7f89f401d600 (4 bytes)
1506293860.502602 sending message 101 to peer 0x7f89f401d600 (15 bytes)
1506293860.502613 sending message 102 to peer 0x7f89f401d600 (13 bytes)
1506293860.502624 sending message 108 to peer 0x7f89f401d600 (31 bytes)
1506293860.502639 sending message 104 to peer 0x7f89f401d600 (0 bytes)
1506293860.502650 sending message 107 to peer 0x7f89f401d600 (4 bytes)
1506293860.502661 sending message 105 to peer 0x7f89f401d600 (60 bytes)
1506293860.502671 sending message 105 to peer 0x7f89f401d600 (66 bytes)
1506293860.502681 sending message 105 to peer 0x7f89f401d600 (76 bytes)
1506293860.502692 sending message 105 to peer 0x7f89f401d600 (14 bytes)
1506293860.502703 sending message 105 to peer 0x7f89f401d600 (22 bytes)
1506293860.502713 sending message 105 to peer 0x7f89f401d600 (14 bytes)
1506293860.502723 sending message 105 to peer 0x7f89f401d600 (17 bytes)
1506293860.502734 sending message 105 to peer 0x7f89f401d600 (35 bytes)
1506293860.502744 sending message 105 to peer 0x7f89f401d600 (15 bytes)
1506293860.502755 sending message 105 to peer 0x7f89f401d600 (24 bytes)
1506293860.502765 sending message 105 to peer 0x7f89f401d600 (27 bytes)
1506293860.502776 sending message 105 to peer 0x7f89f401d600 (23 bytes)
1506293860.502786 sending message 105 to peer 0x7f89f401d600 (333 bytes)
1506293860.502797 sending message 105 to peer 0x7f89f401d600 (75 bytes)
1506293860.502808 sending message 105 to peer 0x7f89f401d600 (22 bytes)
1506293860.502818 sending message 105 to peer 0x7f89f401d600 (20 bytes)
1506293860.502828 sending message 105 to peer 0x7f89f401d600 (18 bytes)
1506293860.502839 sending message 105 to peer 0x7f89f401d600 (57 bytes)
1506293860.502849 sending message 105 to peer 0x7f89f401d600 (11 bytes)
1506293860.502860 sending message 105 to peer 0x7f89f401d600 (19 bytes)
1506293860.502870 sending message 105 to peer 0x7f89f401d600 (14 bytes)
1506293860.502881 sending message 105 to peer 0x7f89f401d600 (38 bytes)
1506293860.502891 sending message 105 to peer 0x7f89f401d600 (61 bytes)
1506293860.502902 sending message 105 to peer 0x7f89f401d600 (8 bytes)
1506293860.502912 sending message 105 to peer 0x7f89f401d600 (29 bytes)
1506293860.502922 sending message 105 to peer 0x7f89f401d600 (11 bytes)
1506293860.502933 sending message 105 to peer 0x7f89f401d600 (8 bytes)
1506293860.502943 sending message 105 to peer 0x7f89f401d600 (21 bytes)
1506293860.502954 sending message 105 to peer 0x7f89f401d600 (32 bytes)
1506293860.502964 sending message 105 to peer 0x7f89f401d600 (24 bytes)
1506293860.502974 sending message 105 to peer 0x7f89f401d600 (27 bytes)
1506293860.502985 sending message 105 to peer 0x7f89f401d600 (35 bytes)
1506293860.502995 sending message 105 to peer 0x7f89f401d600 (20 bytes)
1506293860.503006 sending message 105 to peer 0x7f89f401d600 (17 bytes)
1506293860.503016 sending message 105 to peer 0x7f89f401d600 (22 bytes)
1506293860.503027 sending message 105 to peer 0x7f89f401d600 (20 bytes)
1506293860.503037 sending message 105 to peer 0x7f89f401d600 (28 bytes)
1506293860.503048 sending message 105 to peer 0x7f89f401d600 (43 bytes)
1506293860.503058 sending message 105 to peer 0x7f89f401d600 (84 bytes)
1506293860.503069 sending message 105 to peer 0x7f89f401d600 (49 bytes)
1506293860.503079 sending message 105 to peer 0x7f89f401d600 (49 bytes)
1506293860.503090 sending message 105 to peer 0x7f89f401d600 (24 bytes)
1506293860.503100 sending message 105 to peer 0x7f89f401d600 (20 bytes)
1506293860.503110 sending message 105 to peer 0x7f89f401d600 (14 bytes)
1506293860.503121 sending message 105 to peer 0x7f89f401d600 (15 bytes)
1506293860.503131 sending message 105 to peer 0x7f89f401d600 (27 bytes)
1506293860.503171 sending message 105 to peer 0x7f89f401d600 (18 bytes)
1506293860.503182 sending message 105 to peer 0x7f89f401d600 (14 bytes)
1506293860.503192 sending message 105 to peer 0x7f89f401d600 (18 bytes)
1506293860.503203 sending message 105 to peer 0x7f89f401d600 (20 bytes)
1506293860.503213 sending message 105 to peer 0x7f89f401d600 (11 bytes)
1506293860.503224 sending message 105 to peer 0x7f89f401d600 (16 bytes)
1506293860.503234 sending message 105 to peer 0x7f89f401d600 (15 bytes)
1506293860.503244 sending message 105 to peer 0x7f89f401d600 (15 bytes)
1506293860.503255 sending message 105 to peer 0x7f89f401d600 (15 bytes)
1506293860.503265 sending message 105 to peer 0x7f89f401d600 (23 bytes)
1506293860.503275 sending message 105 to peer 0x7f89f401d600 (15 bytes)
1506293860.503286 sending message 105 to peer 0x7f89f401d600 (17 bytes)
1506293860.503296 sending message 105 to peer 0x7f89f401d600 (9 bytes)
1506293860.503306 sending message 105 to peer 0x7f89f401d600 (17 bytes)
1506293860.503317 sending message 105 to peer 0x7f89f401d600 (14 bytes)
1506293860.503327 sending message 105 to peer 0x7f89f401d600 (18 bytes)
1506293860.503337 sending message 105 to peer 0x7f89f401d600 (10 bytes)
1506293860.503348 sending message 105 to peer 0x7f89f401d600 (22 bytes)
1506293860.503358 sending message 105 to peer 0x7f89f401d600 (17 bytes)
1506293860.503368 sending message 105 to peer 0x7f89f401d600 (15 bytes)
1506293860.503379 sending message 106 to peer 0x7f89f401d600 (0 bytes)
1506293860.503396 sending message 200 to peer 0x7f89f401d600 (4 bytes)
1506293860.503407 client loop enter
1506293860.506381 peer 0x7f89f401d600 message 207
1506293860.506407 sending message 208 to peer 0x7f89f401d600 (0 bytes)
1506293877.173195 peer 0x7f89f401d600 message 203
1506293877.173221 sending message 205 to peer 0x7f89f401d600 (0 bytes)
1506293877.173622 peer 0x7f89f401d600 message 204
1506293877.173638 client loop exit
